info it worked if it ends with ok
verbose cli [ 'node', '/usr/local/bin/npm', 'publish', '.' ]
info using npm@1.0.106
info using node@v0.6.2
verbose /usr/local/bin/node node symlink
verbose config file /Users/Alex/.npmrc
verbose config file /usr/local/etc/npmrc
verbose config file /usr/local/lib/node_modules/npm/npmrc
verbose publish [ '.' ]
silly testEngine { name: 'jqueryify',
silly testEngine   description: 'jQuery lib for browsers',
silly testEngine   version: '0.0.2',
silly testEngine   repository: { type: 'git', url: 'git://github.com/maccman/jqueryify.git' },
silly testEngine   author: { name: 'Alex MacCaw', email: 'info@eribium.org' },
silly testEngine   engines: { node: '*' },
silly testEngine   main: './index.js',
silly testEngine   _npmUser: { name: 'maccman', email: 'maccman@gmail.com' },
silly testEngine   _id: 'jqueryify@0.0.2',
silly testEngine   dependencies: {},
silly testEngine   devDependencies: {},
silly testEngine   _engineSupported: true,
silly testEngine   _npmVersion: '1.0.106',
silly testEngine   _nodeVersion: 'v0.6.2',
silly testEngine   _defaultsLoaded: true,
silly testEngine   scripts: {} }
verbose caching /Users/Alex/jqueryify/package.json
verbose loadDefaults jqueryify@0.0.2
info prepublish jqueryify@0.0.2
verbose cache add [ '.', null ]
silly cache add: name, spec, args [ undefined, '.', [ '.', null ] ]
verbose parsed url { pathname: '.', path: '.', href: '.' }
silly testEngine { name: 'jqueryify',
silly testEngine   description: 'jQuery lib for browsers',
silly testEngine   version: '0.0.2',
silly testEngine   repository: { type: 'git', url: 'git://github.com/maccman/jqueryify.git' },
silly testEngine   author: { name: 'Alex MacCaw', email: 'info@eribium.org' },
silly testEngine   engines: { node: '*' },
silly testEngine   main: './index.js',
silly testEngine   _npmUser: { name: 'maccman', email: 'maccman@gmail.com' },
silly testEngine   _id: 'jqueryify@0.0.2',
silly testEngine   dependencies: {},
silly testEngine   devDependencies: {},
silly testEngine   _engineSupported: true,
silly testEngine   _npmVersion: '1.0.106',
silly testEngine   _nodeVersion: 'v0.6.2',
silly testEngine   _defaultsLoaded: true,
silly testEngine   path: '/Users/Alex/jqueryify' }
verbose caching package.json
verbose loadDefaults jqueryify@0.0.2
verbose pack /Users/Alex/jqueryify /var/folders/s9/0svgqmv136qd2p8mdcd_48z40000gn/T/npm-1324586713306/1324586713306-0.22441085637547076/tmp.tgz
silly makeList /Users/Alex/jqueryify
verbose mkdir (expected) error ENOENT, no such file or directory '/var/folders/s9/0svgqmv136qd2p8mdcd_48z40000gn/T/npm-1324586713306'
verbose mkdir (expected) error ENOENT, no such file or directory '/var/folders/s9/0svgqmv136qd2p8mdcd_48z40000gn/T/npm-1324586713306/1324586713306-0.22441085637547076'
verbose mkdir done: /var/folders/s9/0svgqmv136qd2p8mdcd_48z40000gn/T/npm-1324586713306/1324586713306-0.22441085637547076 755
verbose mkdir'ed /var/folders/s9/0svgqmv136qd2p8mdcd_48z40000gn/T/npm-1324586713306/1324586713306-0.22441085637547076
verbose tar about to write tar and gzip it.
silly tar args [ '-czvf', '-', '-T', '-' ]
silly spawning [ 'tar', [ '-czvf', '-', '-T', '-' ], '/Users/Alex' ]
verbose mkdir (expected) error ENOENT, no such file or directory '/var/folders/s9/0svgqmv136qd2p8mdcd_48z40000gn/T/npm-1324586713306/1324586713306-0.22441085637547076/contents'
verbose mkdir (expected) error ENOENT, no such file or directory '/var/folders/s9/0svgqmv136qd2p8mdcd_48z40000gn/T/npm-1324586713306/1324586713306-0.22441085637547076/contents/___package.npm'
verbose mkdir done: /var/folders/s9/0svgqmv136qd2p8mdcd_48z40000gn/T/npm-1324586713306/1324586713306-0.22441085637547076/contents/___package.npm 755
verbose unpack_ uid, gid [ undefined, undefined ]
verbose unpackTarget /var/folders/s9/0svgqmv136qd2p8mdcd_48z40000gn/T/npm-1324586713306/1324586713306-0.22441085637547076/contents/package
silly gunzTarPerm modes [ '755', '644' ]
silly spawning [ 'tar',
silly spawning   [ '-zmvxpf',
silly spawning     '/var/folders/s9/0svgqmv136qd2p8mdcd_48z40000gn/T/npm-1324586713306/1324586713306-0.22441085637547076/tmp.tgz' ],
silly spawning   '/var/folders/s9/0svgqmv136qd2p8mdcd_48z40000gn/T/npm-1324586713306/1324586713306-0.22441085637547076/contents/___package.npm' ]
silly tar err x jqueryify/index.js
silly tar err x jqueryify/package.json
silly tar exit 0
silly asyncMap in gTP /var/folders/s9/0svgqmv136qd2p8mdcd_48z40000gn/T/npm-1324586713306/1324586713306-0.22441085637547076/contents/___package.npm/jqueryify
silly asyncMap in gTP /var/folders/s9/0svgqmv136qd2p8mdcd_48z40000gn/T/npm-1324586713306/1324586713306-0.22441085637547076/contents/___package.npm/jqueryify/index.js
silly asyncMap in gTP /var/folders/s9/0svgqmv136qd2p8mdcd_48z40000gn/T/npm-1324586713306/1324586713306-0.22441085637547076/contents/___package.npm/jqueryify/package.json
verbose gunzed /var/folders/s9/0svgqmv136qd2p8mdcd_48z40000gn/T/npm-1324586713306/1324586713306-0.22441085637547076/contents/___package.npm/jqueryify
verbose rm'ed /var/folders/s9/0svgqmv136qd2p8mdcd_48z40000gn/T/npm-1324586713306/1324586713306-0.22441085637547076/contents/package
verbose renamed [ '/var/folders/s9/0svgqmv136qd2p8mdcd_48z40000gn/T/npm-1324586713306/1324586713306-0.22441085637547076/contents/___package.npm/jqueryify',
verbose renamed   '/var/folders/s9/0svgqmv136qd2p8mdcd_48z40000gn/T/npm-1324586713306/1324586713306-0.22441085637547076/contents/package' ]
silly testEngine { name: 'jqueryify',
silly testEngine   description: 'jQuery lib for browsers',
silly testEngine   version: '0.0.2',
silly testEngine   repository: { type: 'git', url: 'git://github.com/maccman/jqueryify.git' },
silly testEngine   author: { name: 'Alex MacCaw', email: 'info@eribium.org' },
silly testEngine   engines: { node: '*' },
silly testEngine   main: './index.js',
silly testEngine   _npmUser: { name: 'maccman', email: 'maccman@gmail.com' },
silly testEngine   _id: 'jqueryify@0.0.2',
silly testEngine   dependencies: {},
silly testEngine   devDependencies: {},
silly testEngine   _engineSupported: true,
silly testEngine   _npmVersion: '1.0.106',
silly testEngine   _nodeVersion: 'v0.6.2',
silly testEngine   _defaultsLoaded: true,
silly testEngine   path: '/var/folders/s9/0svgqmv136qd2p8mdcd_48z40000gn/T/npm-1324586713306/1324586713306-0.22441085637547076/contents/package' }
verbose caching /var/folders/s9/0svgqmv136qd2p8mdcd_48z40000gn/T/npm-1324586713306/1324586713306-0.22441085637547076/contents/package/package.json
verbose loadDefaults jqueryify@0.0.2
verbose tarball contents [ 'package' ]
verbose from cache /var/folders/s9/0svgqmv136qd2p8mdcd_48z40000gn/T/npm-1324586713306/1324586713306-0.22441085637547076/contents/package/package.json
verbose pack /var/folders/s9/0svgqmv136qd2p8mdcd_48z40000gn/T/npm-1324586713306/1324586713306-0.22441085637547076/contents/package /Users/Alex/.npm/jqueryify/0.0.2/package.tgz
silly makeList /var/folders/s9/0svgqmv136qd2p8mdcd_48z40000gn/T/npm-1324586713306/1324586713306-0.22441085637547076/contents/package
verbose mkdir'ed /Users/Alex/.npm/jqueryify/0.0.2
verbose tar about to write tar and gzip it.
silly tar args [ '-czvf', '-', '-T', '-' ]
silly spawning [ 'tar',
silly spawning   [ '-czvf', '-', '-T', '-' ],
silly spawning   '/var/folders/s9/0svgqmv136qd2p8mdcd_48z40000gn/T/npm-1324586713306/1324586713306-0.22441085637547076/contents' ]
verbose mkdir (expected) error ENOENT, no such file or directory '/Users/Alex/.npm/jqueryify/0.0.2/___package.npm'
verbose mkdir done: /Users/Alex/.npm/jqueryify/0.0.2/___package.npm 755
verbose unpack_ uid, gid [ undefined, undefined ]
verbose unpackTarget /Users/Alex/.npm/jqueryify/0.0.2/package
silly gunzTarPerm modes [ '755', '644' ]
silly spawning [ 'tar',
silly spawning   [ '-zmvxpf', '/Users/Alex/.npm/jqueryify/0.0.2/package.tgz' ],
silly spawning   '/Users/Alex/.npm/jqueryify/0.0.2/___package.npm' ]
silly tar err x package/index.js
silly tar err x package/package.json
silly tar exit 0
silly asyncMap in gTP /Users/Alex/.npm/jqueryify/0.0.2/___package.npm/package
silly asyncMap in gTP /Users/Alex/.npm/jqueryify/0.0.2/___package.npm/package/index.js
silly asyncMap in gTP /Users/Alex/.npm/jqueryify/0.0.2/___package.npm/package/package.json
verbose gunzed /Users/Alex/.npm/jqueryify/0.0.2/___package.npm/package
verbose rm'ed /Users/Alex/.npm/jqueryify/0.0.2/package
verbose renamed [ '/Users/Alex/.npm/jqueryify/0.0.2/___package.npm/package',
verbose renamed   '/Users/Alex/.npm/jqueryify/0.0.2/package' ]
silly testEngine { name: 'jqueryify',
silly testEngine   description: 'jQuery lib for browsers',
silly testEngine   version: '0.0.2',
silly testEngine   repository: { type: 'git', url: 'git://github.com/maccman/jqueryify.git' },
silly testEngine   author: { name: 'Alex MacCaw', email: 'info@eribium.org' },
silly testEngine   engines: { node: '*' },
silly testEngine   main: './index.js',
silly testEngine   _npmUser: { name: 'maccman', email: 'maccman@gmail.com' },
silly testEngine   _id: 'jqueryify@0.0.2',
silly testEngine   dependencies: {},
silly testEngine   devDependencies: {},
silly testEngine   _engineSupported: true,
silly testEngine   _npmVersion: '1.0.106',
silly testEngine   _nodeVersion: 'v0.6.2',
silly testEngine   _defaultsLoaded: true,
silly testEngine   dist: 
silly testEngine    { shasum: 'b25f1ee688e3805b5eb33352c4e9e25baacebbd6',
silly testEngine      tarball: 'http://registry.npmjs.org/jqueryify/-/jqueryify-0.0.2.tgz' } }
verbose caching /Users/Alex/.npm/jqueryify/0.0.2/package/package.json
verbose loadDefaults jqueryify@0.0.2
silly updated sha bytes 40960
silly updated sha bytes 40960
info shasum b25f1ee688e3805b5eb33352c4e9e25baacebbd6
info shasum /Users/Alex/.npm/jqueryify/0.0.2/package.tgz
verbose from cache /Users/Alex/.npm/jqueryify/0.0.2/package/package.json
verbose chmod /Users/Alex/.npm/jqueryify/0.0.2/package.tgz 644
verbose chown [ '/Users/Alex/.npm/jqueryify/0.0.2/package.tgz', 501, 20 ]
silly publish { name: 'jqueryify',
silly publish   description: 'jQuery lib for browsers',
silly publish   version: '0.0.2',
silly publish   repository: { type: 'git', url: 'git://github.com/maccman/jqueryify.git' },
silly publish   author: { name: 'Alex MacCaw', email: 'info@eribium.org' },
silly publish   engines: { node: '*' },
silly publish   main: './index.js',
silly publish   _npmUser: { name: 'maccman', email: 'maccman@gmail.com' },
silly publish   _id: 'jqueryify@0.0.2',
silly publish   dependencies: {},
silly publish   devDependencies: {},
silly publish   _engineSupported: true,
silly publish   _npmVersion: '1.0.106',
silly publish   _nodeVersion: 'v0.6.2',
silly publish   _defaultsLoaded: true,
silly publish   dist: 
silly publish    { shasum: 'b25f1ee688e3805b5eb33352c4e9e25baacebbd6',
silly publish      tarball: 'http://registry.npmjs.org/jqueryify/-/jqueryify-0.0.2.tgz' } }
verbose PUT jqueryify
verbose raw, before any munging jqueryify
verbose url resolving [ 'https://registry.npmjs.org/', './jqueryify' ]
verbose url resolved https://registry.npmjs.org/jqueryify
verbose GET jqueryify
verbose raw, before any munging jqueryify
verbose url resolving [ 'https://registry.npmjs.org/', './jqueryify' ]
verbose url resolved https://registry.npmjs.org/jqueryify
info Already published jqueryify@0.0.2
verbose uploading bin dists []
ERR! publish fail Cannot publish over existing version.
ERR! publish fail Bump the 'version' field, set the --force flag, or
ERR! publish fail     npm unpublish 'jqueryify@0.0.2'
ERR! publish fail and try again
ERR! 
ERR! System Darwin 11.2.0
ERR! command "node" "/usr/local/bin/npm" "publish" "."
ERR! cwd /Users/Alex/jqueryify
ERR! node -v v0.6.2
ERR! npm -v 1.0.106
ERR! code EPUBLISHCONFLICT
verbose exit [ 1, true ]
